<?xml version="1.0" encoding="UTF-8"?>
<!-- Generated by org.testng.reporters.JUnitReportReporter -->
<testsuite hostname="Tejaswini-c" failures="0" tests="2" name="demowebshop.RegisterTest" time="34.629" errors="0" timestamp="2022-08-23T20:17:43 IST" skipped="0">
  <testcase classname="demowebshop.RegisterTest" name="test1" time="3.036"/>
  <system-out/>
  <testcase classname="demowebshop.RegisterTest" name="testMain" time="31.593"/>
  <system-out/>
</testsuite> <!-- demowebshop.RegisterTest -->
