<?xml version="1.0" encoding="UTF-8"?>
<!-- Generated by org.testng.reporters.JUnitReportReporter -->
<testsuite hostname="Tejaswini-c" failures="0" tests="1" name="learningMaven.OpenBrowerTest" time="7.550" errors="0" timestamp="2022-08-23T15:50:46 IST" skipped="0">
  <testcase classname="learningMaven.OpenBrowerTest" name="test" time="7.550"/>
  <system-out/>
</testsuite> <!-- learningMaven.OpenBrowerTest -->
