<?xml version="1.0" encoding="UTF-8"?>
<!-- Generated by org.testng.reporters.JUnitReportReporter -->
<testsuite hostname="Tejaswini-c" failures="0" tests="2" name="demowebshop.LoginTest" time="15.482" errors="0" timestamp="2022-08-23T20:18:41 IST" skipped="0">
  <testcase classname="demowebshop.LoginTest" name="testMain" time="10.133"/>
  <system-out/>
  <testcase classname="demowebshop.LoginTest" name="test2" time="5.349"/>
  <system-out/>
</testsuite> <!-- demowebshop.LoginTest -->
