<?xml version="1.0" encoding="UTF-8"?>
<!-- Generated by org.testng.reporters.JUnitReportReporter -->
<testsuite hostname="Tejaswini-c" failures="0" tests="2" name="demowebshop.RegisterTest1" time="6.479" errors="0" timestamp="2022-08-24T12:08:16 IST" skipped="0">
  <testcase classname="demowebshop.RegisterTest1" name="testMain" time="4.396"/>
  <system-out/>
  <testcase classname="demowebshop.RegisterTest1" name="demo2" time="2.083"/>
  <system-out/>
</testsuite> <!-- demowebshop.RegisterTest1 -->
