<?xml version="1.0" encoding="UTF-8"?>
<!-- Generated by org.testng.reporters.JUnitReportReporter -->
<testsuite hostname="Tejaswini-c" failures="0" tests="1" name="demowebshop.ShoppingCartTest" time="8.205" errors="0" timestamp="2022-08-23T17:49:56 IST" skipped="0">
  <testcase classname="demowebshop.ShoppingCartTest" name="test" time="8.205"/>
  <system-out/>
</testsuite> <!-- demowebshop.ShoppingCartTest -->
