<?xml version="1.0" encoding="UTF-8"?>
<!-- Generated by org.testng.reporters.JUnitReportReporter -->
<testsuite hostname="Tejaswini-c" failures="0" tests="2" name="demowebshop.LoginTest1" time="4.664" errors="0" timestamp="2022-08-24T16:31:10 IST" skipped="1">
  <testcase classname="demowebshop.LoginTest1" name="demo" time="0.000">
    <skipped/>
  </testcase> <!-- demo -->
  <system-out/>
  <testcase classname="demowebshop.LoginTest1" name="testMain" time="4.664"/>
  <system-out/>
</testsuite> <!-- demowebshop.LoginTest1 -->
