<?xml version="1.0" encoding="UTF-8"?>
<!-- Generated by org.testng.reporters.JUnitReportReporter -->
<testsuite hostname="Tejaswini-c" failures="0" tests="1" name="demowebshop.BaseClass1" time="24.269" errors="0" timestamp="2022-08-23T20:21:02 IST" skipped="0">
  <testcase classname="demowebshop.BaseClass1" name="testMain" time="24.269"/>
  <system-out/>
</testsuite> <!-- demowebshop.BaseClass1 -->
