<?xml version="1.0" encoding="UTF-8"?>
<!-- Generated by org.testng.reporters.JUnitReportReporter -->
<testsuite hostname="Tejaswini-c" failures="0" tests="1" name="demowebshop.WishListTest" time="13.289" errors="0" timestamp="2022-08-23T18:10:31 IST" skipped="0">
  <testcase classname="demowebshop.WishListTest" name="test4" time="13.289"/>
  <system-out/>
</testsuite> <!-- demowebshop.WishListTest -->
